<?xml version="1.0" encoding="UTF-8"?>
<!-- Generated by org.testng.reporters.JUnitReportReporter -->
<testsuite hostname="faldr" failures="0" tests="1" name="test.PeriplusTest" time="15.023" errors="0" timestamp="04 Feb 2025 17:42:13 GMT" skipped="0">
  <testcase classname="test.PeriplusTest" name="myTest" time="15.023"/>
</testsuite> <!-- test.PeriplusTest -->
